<!DOCTYPE HTML>
<html lang="en">
<head>
    <title>Report</title>
    <meta charset="utf-8">
    <meta author="Bogdan Pasterak">
    <meta name="viewport" content="width=device-width, initial-scale=1.0">
    <link rel="stylesheet" type="text/css" href="test.css">
	<title>Test: TestRep2P2I2F1E</title>
</head>
<body>
	<!-- TestRun -->
	<div class="tp tr flow-row" id="tp000" offset="0">
		<div class="main false">
			<h4>Project: Demo</h4>
			<h3>Name: TestReport</h3>
			<div class="flow-row">
				<button class="btn-details">V</button>
				<p></p>
				<p>1</p>
				<p></p>
				<button class="btn-details-all">VVV</button>
			</div>
		</div>
		<div class="expand">
			<button class="btn-expand">+</button>
			<br/>
			<button class="btn-expand-all-nested">&gt;</button>
		</div>
		<div class="extra hidden">
			<div class="cover">
				<p>Tests: 7</p>
			</div>
			<div class="cover">
				<p>Started: 7</p>
			</div>
			<div class="cover">
				<p>Ignored: 2</p>
			</div>
			<div class="cover">
				<p>Failures: 2</p>
			</div>
			<div class="cover">
				<p>Errors: 1</p>
			</div>
		</div>
	</div>
	<!-- TestSuite -->
	<div class="tp ts flow-row hidden" id="tp001" offset="1">
		<div class="offset"></div>
		<div class="main false">
			<h3>Name: TestReport</h3>
			<div class="flow-row">
				<button class="btn-details">V</button>
				<p></p>
				<p>7</p>
				<p></p>
				<button class="btn-details-all">VVV</button>
			</div>
		</div>
		<div class="expand">
			<button class="btn-expand">+</button>
			<br/>
			<button class="btn-expand-all-nested">&gt;</button>
		</div>
		<div class="extra hidden">
			<div class="cover">
				<p>Time: 30 ms</p>
			</div>
		</div>
	</div>
	<!-- TestCase -->
	<div class="tp tc flow-row hidden" id="tp002" offset="2">
		<div class="offset"></div>
		<div class="offset"></div>
		<div class="main false">
			<h4>ClassName: TestReport</h4>
			<h3>Name: test1</h3>
			<div class="flow-row">
				<button class="btn-details">V</button>
			</div>
		</div>
		<div class="expand">
			<button class="btn-expand">+</button>
		</div>
		<div class="extra hidden">
			<div class="cover">
				<p>Time: 4 ms</p>
			</div>
		</div>
	</div>
	<!-- False or Error -->
	<div class="tp fe flow-row hidden" id="tp003" offset="3">
		<div class="offset"></div>
		<div class="offset"></div>
		<div class="offset"></div>
		<div class="main false">
			<h3>Failure</h3>
			<h4>java.lang.AssertionError: Not yet implemented</h4>
			<p>	at org.junit.Assert.fail(Assert.java:88)</p>
			<p>	at TestReport.test1(TestReport.java:10)</p>
			<p>	at sun.reflect.NativeMethodAccessorImpl.invoke0(Native Method)</p>
			<p>	at sun.reflect.NativeMethodAccessorImpl.invoke(Unknown Source)</p>
			<p>	at sun.reflect.DelegatingMethodAccessorImpl.invoke(Unknown Source)</p>
			<p>	at java.lang.reflect.Method.invoke(Unknown Source)</p>
			<p>	at org.junit.runners.model.FrameworkMethod$1.runReflectiveCall(FrameworkMethod.java:50)</p>
			<p>	at org.junit.internal.runners.model.ReflectiveCallable.run(ReflectiveCallable.java:12)</p>
			<p>	at org.junit.runners.model.FrameworkMethod.invokeExplosively(FrameworkMethod.java:47)</p>
			<p>	at org.junit.internal.runners.statements.InvokeMethod.evaluate(InvokeMethod.java:17)</p>
			<p>	at org.junit.runners.ParentRunner.runLeaf(ParentRunner.java:325)</p>
			<p>	at org.junit.runners.BlockJUnit4ClassRunner.runChild(BlockJUnit4ClassRunner.java:78)</p>
			<p>	at org.junit.runners.BlockJUnit4ClassRunner.runChild(BlockJUnit4ClassRunner.java:57)</p>
			<p>	at org.junit.runners.ParentRunner$3.run(ParentRunner.java:290)</p>
			<p>	at org.junit.runners.ParentRunner$1.schedule(ParentRunner.java:71)</p>
			<p>	at org.junit.runners.ParentRunner.runChildren(ParentRunner.java:288)</p>
			<p>	at org.junit.runners.ParentRunner.access$000(ParentRunner.java:58)</p>
			<p>	at org.junit.runners.ParentRunner$2.evaluate(ParentRunner.java:268)</p>
			<p>	at org.junit.runners.ParentRunner.run(ParentRunner.java:363)</p>
			<p>	at org.eclipse.jdt.internal.junit4.runner.JUnit4TestReference.run(JUnit4TestReference.java:86)</p>
			<p>	at org.eclipse.jdt.internal.junit.runner.TestExecution.run(TestExecution.java:38)</p>
			<p>	at org.eclipse.jdt.internal.junit.runner.RemoteTestRunner.runTests(RemoteTestRunner.java:539)</p>
			<p>	at org.eclipse.jdt.internal.junit.runner.RemoteTestRunner.runTests(RemoteTestRunner.java:761)</p>
			<p>	at org.eclipse.jdt.internal.junit.runner.RemoteTestRunner.run(RemoteTestRunner.java:461)</p>
			<p>	at org.eclipse.jdt.internal.junit.runner.RemoteTestRunner.main(RemoteTestRunner.java:207)</p>
		</div>
	</div>
	<!-- TestCase -->
	<div class="tp tc flow-row hidden" id="tp004" offset="2">
		<div class="offset"></div>
		<div class="offset"></div>
		<div class="main false">
			<h4>ClassName: TestReport</h4>
			<h3>Name: test2</h3>
			<div class="flow-row">
				<button class="btn-details">V</button>
			</div>
		</div>
		<div class="expand">
			<button class="btn-expand">+</button>
		</div>
		<div class="extra hidden">
			<div class="cover">
				<p>Time: 1 ms</p>
			</div>
		</div>
	</div>
	<!-- False or Error -->
	<div class="tp fe flow-row hidden" id="tp005" offset="3">
		<div class="offset"></div>
		<div class="offset"></div>
		<div class="offset"></div>
		<div class="main false">
			<h3>Failure</h3>
			<h4>java.lang.AssertionError</h4>
			<p>	at org.junit.Assert.fail(Assert.java:86)</p>
			<p>	at org.junit.Assert.assertTrue(Assert.java:41)</p>
			<p>	at org.junit.Assert.assertTrue(Assert.java:52)</p>
			<p>	at TestReport.test2(TestReport.java:15)</p>
			<p>	at sun.reflect.NativeMethodAccessorImpl.invoke0(Native Method)</p>
			<p>	at sun.reflect.NativeMethodAccessorImpl.invoke(Unknown Source)</p>
			<p>	at sun.reflect.DelegatingMethodAccessorImpl.invoke(Unknown Source)</p>
			<p>	at java.lang.reflect.Method.invoke(Unknown Source)</p>
			<p>	at org.junit.runners.model.FrameworkMethod$1.runReflectiveCall(FrameworkMethod.java:50)</p>
			<p>	at org.junit.internal.runners.model.ReflectiveCallable.run(ReflectiveCallable.java:12)</p>
			<p>	at org.junit.runners.model.FrameworkMethod.invokeExplosively(FrameworkMethod.java:47)</p>
			<p>	at org.junit.internal.runners.statements.InvokeMethod.evaluate(InvokeMethod.java:17)</p>
			<p>	at org.junit.runners.ParentRunner.runLeaf(ParentRunner.java:325)</p>
			<p>	at org.junit.runners.BlockJUnit4ClassRunner.runChild(BlockJUnit4ClassRunner.java:78)</p>
			<p>	at org.junit.runners.BlockJUnit4ClassRunner.runChild(BlockJUnit4ClassRunner.java:57)</p>
			<p>	at org.junit.runners.ParentRunner$3.run(ParentRunner.java:290)</p>
			<p>	at org.junit.runners.ParentRunner$1.schedule(ParentRunner.java:71)</p>
			<p>	at org.junit.runners.ParentRunner.runChildren(ParentRunner.java:288)</p>
			<p>	at org.junit.runners.ParentRunner.access$000(ParentRunner.java:58)</p>
			<p>	at org.junit.runners.ParentRunner$2.evaluate(ParentRunner.java:268)</p>
			<p>	at org.junit.runners.ParentRunner.run(ParentRunner.java:363)</p>
			<p>	at org.eclipse.jdt.internal.junit4.runner.JUnit4TestReference.run(JUnit4TestReference.java:86)</p>
			<p>	at org.eclipse.jdt.internal.junit.runner.TestExecution.run(TestExecution.java:38)</p>
			<p>	at org.eclipse.jdt.internal.junit.runner.RemoteTestRunner.runTests(RemoteTestRunner.java:539)</p>
			<p>	at org.eclipse.jdt.internal.junit.runner.RemoteTestRunner.runTests(RemoteTestRunner.java:761)</p>
			<p>	at org.eclipse.jdt.internal.junit.runner.RemoteTestRunner.run(RemoteTestRunner.java:461)</p>
			<p>	at org.eclipse.jdt.internal.junit.runner.RemoteTestRunner.main(RemoteTestRunner.java:207)</p>
		</div>
	</div>
	<!-- TestCase -->
	<div class="tp tc flow-row hidden" id="tp006" offset="2">
		<div class="offset"></div>
		<div class="offset"></div>
		<div class="main">
			<h4>ClassName: TestReport</h4>
			<h3>Name: test3</h3>
		</div>
		<div class="expand">
			<button class="btn-expand">+</button>
		</div>
		<div class="extra hidden">
			<div class="cover">
				<p>Time: 0 ms</p>
			</div>
			<div class="cover">
				<p>Ignored: true</p>
			</div>
		</div>
	</div>
	<!-- TestCase -->
	<div class="tp tc flow-row hidden" id="tp007" offset="2">
		<div class="offset"></div>
		<div class="offset"></div>
		<div class="main">
			<h4>ClassName: TestReport</h4>
			<h3>Name: test4</h3>
		</div>
		<div class="expand">
			<button class="btn-expand">+</button>
		</div>
		<div class="extra hidden">
			<div class="cover">
				<p>Time: 0 ms</p>
			</div>
			<div class="cover">
				<p>Ignored: true</p>
			</div>
		</div>
	</div>
	<!-- TestCase -->
	<div class="tp tc flow-row hidden" id="tp008" offset="2">
		<div class="offset"></div>
		<div class="offset"></div>
		<div class="main">
			<h4>ClassName: TestReport</h4>
			<h3>Name: test5</h3>
		</div>
		<div class="expand">
			<button class="btn-expand">+</button>
		</div>
		<div class="extra hidden">
			<div class="cover">
				<p>Time: 2 ms</p>
			</div>
		</div>
	</div>
	<!-- TestCase -->
	<div class="tp tc flow-row hidden" id="tp009" offset="2">
		<div class="offset"></div>
		<div class="offset"></div>
		<div class="main">
			<h4>ClassName: TestReport</h4>
			<h3>Name: test6</h3>
		</div>
		<div class="expand">
			<button class="btn-expand">+</button>
		</div>
		<div class="extra hidden">
			<div class="cover">
				<p>Time: 0 ms</p>
			</div>
		</div>
	</div>
	<!-- TestCase -->
	<div class="tp tc flow-row hidden" id="tp010" offset="2">
		<div class="offset"></div>
		<div class="offset"></div>
		<div class="main false">
			<h4>ClassName: TestReport</h4>
			<h3>Name: test7</h3>
			<div class="flow-row">
				<button class="btn-details">V</button>
			</div>
		</div>
		<div class="expand">
			<button class="btn-expand">+</button>
		</div>
		<div class="extra hidden">
			<div class="cover">
				<p>Time: 0 ms</p>
			</div>
		</div>
	</div>
	<!-- False or Error -->
	<div class="tp fe flow-row hidden" id="tp011" offset="3">
		<div class="offset"></div>
		<div class="offset"></div>
		<div class="offset"></div>
		<div class="main false">
			<h3>Error</h3>
			<h4>java.lang.Error: Unresolved compilation problem: The method assertTrue(boolean) in the type Assert is not applicable for the arguments ()</h4>
			<p>	at TestReport.test7(TestReport.java:42)</p>
			<p>	at sun.reflect.NativeMethodAccessorImpl.invoke0(Native Method)</p>
			<p>	at sun.reflect.NativeMethodAccessorImpl.invoke(Unknown Source)</p>
			<p>	at sun.reflect.DelegatingMethodAccessorImpl.invoke(Unknown Source)</p>
			<p>	at java.lang.reflect.Method.invoke(Unknown Source)</p>
			<p>	at org.junit.runners.model.FrameworkMethod$1.runReflectiveCall(FrameworkMethod.java:50)</p>
			<p>	at org.junit.internal.runners.model.ReflectiveCallable.run(ReflectiveCallable.java:12)</p>
			<p>	at org.junit.runners.model.FrameworkMethod.invokeExplosively(FrameworkMethod.java:47)</p>
			<p>	at org.junit.internal.runners.statements.InvokeMethod.evaluate(InvokeMethod.java:17)</p>
			<p>	at org.junit.runners.ParentRunner.runLeaf(ParentRunner.java:325)</p>
			<p>	at org.junit.runners.BlockJUnit4ClassRunner.runChild(BlockJUnit4ClassRunner.java:78)</p>
			<p>	at org.junit.runners.BlockJUnit4ClassRunner.runChild(BlockJUnit4ClassRunner.java:57)</p>
			<p>	at org.junit.runners.ParentRunner$3.run(ParentRunner.java:290)</p>
			<p>	at org.junit.runners.ParentRunner$1.schedule(ParentRunner.java:71)</p>
			<p>	at org.junit.runners.ParentRunner.runChildren(ParentRunner.java:288)</p>
			<p>	at org.junit.runners.ParentRunner.access$000(ParentRunner.java:58)</p>
			<p>	at org.junit.runners.ParentRunner$2.evaluate(ParentRunner.java:268)</p>
			<p>	at org.junit.runners.ParentRunner.run(ParentRunner.java:363)</p>
			<p>	at org.eclipse.jdt.internal.junit4.runner.JUnit4TestReference.run(JUnit4TestReference.java:86)</p>
			<p>	at org.eclipse.jdt.internal.junit.runner.TestExecution.run(TestExecution.java:38)</p>
			<p>	at org.eclipse.jdt.internal.junit.runner.RemoteTestRunner.runTests(RemoteTestRunner.java:539)</p>
			<p>	at org.eclipse.jdt.internal.junit.runner.RemoteTestRunner.runTests(RemoteTestRunner.java:761)</p>
			<p>	at org.eclipse.jdt.internal.junit.runner.RemoteTestRunner.run(RemoteTestRunner.java:461)</p>
			<p>	at org.eclipse.jdt.internal.junit.runner.RemoteTestRunner.main(RemoteTestRunner.java:207)</p>
		</div>
	</div>
    <footer>
        Copyright &copy; 2018 &nbsp; Bogdan Pasterak
    </footer>
    <script src="test.js"></script>
</body>
</html>
